E:\DOUWO\BIYESHEJI\RELEASE\SERVER.EXE
E:\DOUWO\BIYESHEJI\RELEASE\SERVER.PDB
E:\douwo\biyesheji\server\Release\cl.command.1.tlog
E:\douwo\biyesheji\server\Release\CL.read.1.tlog
E:\douwo\biyesheji\server\Release\CL.write.1.tlog
E:\DOUWO\BIYESHEJI\SERVER\RELEASE\CONNECT.OBJ
E:\DOUWO\BIYESHEJI\SERVER\RELEASE\DEALCMDTHREAD.OBJ
E:\douwo\biyesheji\server\Release\link.command.1.tlog
E:\douwo\biyesheji\server\Release\link.read.1.tlog
E:\douwo\biyesheji\server\Release\link.write.1.tlog
E:\douwo\biyesheji\server\Release\link-cvtres.read.1.tlog
E:\douwo\biyesheji\server\Release\link-cvtres.write.1.tlog
E:\douwo\biyesheji\server\Release\mt.command.1.tlog
E:\douwo\biyesheji\server\Release\mt.read.1.tlog
E:\douwo\biyesheji\server\Release\mt.write.1.tlog
E:\DOUWO\BIYESHEJI\SERVER\RELEASE\NETPROTOCOLTHREAD.OBJ
E:\douwo\biyesheji\server\Release\rc.command.1.tlog
E:\douwo\biyesheji\server\Release\rc.read.1.tlog
E:\douwo\biyesheji\server\Release\rc.write.1.tlog
E:\DOUWO\BIYESHEJI\SERVER\RELEASE\REGISTERKEY.OBJ
E:\DOUWO\BIYESHEJI\SERVER\RELEASE\SCREENSNAP.OBJ
E:\DOUWO\BIYESHEJI\SERVER\RELEASE\SENDSCREENTHREAD.OBJ
E:\DOUWO\BIYESHEJI\SERVER\RELEASE\SERVER.EXE.INTERMEDIATE.MANIFEST
E:\DOUWO\BIYESHEJI\SERVER\RELEASE\SERVER.OBJ
E:\DOUWO\BIYESHEJI\SERVER\RELEASE\SERVER.PCH
E:\DOUWO\BIYESHEJI\SERVER\RELEASE\SERVER.RES
E:\DOUWO\BIYESHEJI\SERVER\RELEASE\SERVERDLG.OBJ
E:\DOUWO\BIYESHEJI\SERVER\RELEASE\SERVICE.OBJ
E:\DOUWO\BIYESHEJI\SERVER\RELEASE\STDAFX.OBJ
E:\DOUWO\BIYESHEJI\SERVER\RELEASE\SYSTEMINFO.OBJ
E:\DOUWO\BIYESHEJI\SERVER\RELEASE\SYSTEMUTILITY.OBJ
E:\DOUWO\BIYESHEJI\SERVER\RELEASE\THREADEX.OBJ
E:\DOUWO\BIYESHEJI\SERVER\RELEASE\VALIDFUNCTION.OBJ
E:\DOUWO\BIYESHEJI\SERVER\RELEASE\VC100.PDB
