E:\DOUWO\BIYESHEJI\BIYESHEJI\DEBUG\BIYESHEJI.EXE.EMBED.MANIFEST
E:\DOUWO\BIYESHEJI\BIYESHEJI\DEBUG\BIYESHEJI.EXE.EMBED.MANIFEST.RES
E:\DOUWO\BIYESHEJI\BIYESHEJI\DEBUG\BIYESHEJI.EXE.INTERMEDIATE.MANIFEST
E:\DOUWO\BIYESHEJI\BIYESHEJI\DEBUG\BIYESHEJI.OBJ
E:\DOUWO\BIYESHEJI\BIYESHEJI\DEBUG\BIYESHEJI.PCH
E:\DOUWO\BIYESHEJI\BIYESHEJI\DEBUG\BIYESHEJI.RES
E:\douwo\biyesheji\biyesheji\Debug\biyesheji_manifest.rc
E:\douwo\biyesheji\biyesheji\Debug\cl.command.1.tlog
E:\douwo\biyesheji\biyesheji\Debug\CL.read.1.tlog
E:\douwo\biyesheji\biyesheji\Debug\CL.write.1.tlog
E:\DOUWO\BIYESHEJI\BIYESHEJI\DEBUG\CLIENTDLG.OBJ
E:\DOUWO\BIYESHEJI\BIYESHEJI\DEBUG\DEALCMDTHREAD.OBJ
E:\douwo\biyesheji\biyesheji\Debug\link.command.1.tlog
E:\douwo\biyesheji\biyesheji\Debug\link.read.1.tlog
E:\douwo\biyesheji\biyesheji\Debug\link.write.1.tlog
E:\douwo\biyesheji\biyesheji\Debug\link-cvtres.read.1.tlog
E:\douwo\biyesheji\biyesheji\Debug\link-cvtres.write.1.tlog
E:\DOUWO\BIYESHEJI\BIYESHEJI\DEBUG\LISTENCONNECTIONTHREAD.OBJ
E:\douwo\biyesheji\biyesheji\Debug\mt.command.1.tlog
E:\douwo\biyesheji\biyesheji\Debug\mt.read.1.tlog
E:\douwo\biyesheji\biyesheji\Debug\mt.write.1.tlog
E:\DOUWO\BIYESHEJI\BIYESHEJI\DEBUG\NL_QQWRY.OBJ
E:\douwo\biyesheji\biyesheji\Debug\rc.command.1.tlog
E:\douwo\biyesheji\biyesheji\Debug\rc.read.1.tlog
E:\douwo\biyesheji\biyesheji\Debug\rc.write.1.tlog
E:\DOUWO\BIYESHEJI\BIYESHEJI\DEBUG\SCREENDLG.OBJ
E:\DOUWO\BIYESHEJI\BIYESHEJI\DEBUG\SKINSCROLLBAR.OBJ
E:\DOUWO\BIYESHEJI\BIYESHEJI\DEBUG\SKINSCROLLWND.OBJ
E:\DOUWO\BIYESHEJI\BIYESHEJI\DEBUG\SORTHEADERCTRL.OBJ
E:\DOUWO\BIYESHEJI\BIYESHEJI\DEBUG\STDAFX.OBJ
E:\DOUWO\BIYESHEJI\BIYESHEJI\DEBUG\THREADEX.OBJ
E:\douwo\biyesheji\biyesheji\Debug\vc100.idb
E:\DOUWO\BIYESHEJI\BIYESHEJI\DEBUG\VC100.PDB
E:\DOUWO\BIYESHEJI\BIYESHEJI\DEBUG\XPLISTCTRL.OBJ
E:\DOUWO\BIYESHEJI\DEBUG\BIYESHEJI.EXE
E:\DOUWO\BIYESHEJI\DEBUG\BIYESHEJI.ILK
E:\DOUWO\BIYESHEJI\DEBUG\BIYESHEJI.PDB
