E:\毕设\BIYESHEJI\DEBUG\SERVER.EXE
E:\毕设\BIYESHEJI\DEBUG\SERVER.ILK
E:\毕设\BIYESHEJI\DEBUG\SERVER.PDB
E:\毕设\biyesheji\server\Debug\cl.command.1.tlog
E:\毕设\biyesheji\server\Debug\CL.read.1.tlog
E:\毕设\biyesheji\server\Debug\CL.write.1.tlog
E:\毕设\biyesheji\server\Debug\link.command.1.tlog
E:\毕设\biyesheji\server\Debug\link.read.1.tlog
E:\毕设\biyesheji\server\Debug\link.write.1.tlog
E:\毕设\biyesheji\server\Debug\link-cvtres.read.1.tlog
E:\毕设\biyesheji\server\Debug\link-cvtres.write.1.tlog
E:\毕设\biyesheji\server\Debug\mt.command.1.tlog
E:\毕设\biyesheji\server\Debug\mt.read.1.tlog
E:\毕设\biyesheji\server\Debug\mt.write.1.tlog
E:\毕设\biyesheji\server\Debug\rc.command.1.tlog
E:\毕设\biyesheji\server\Debug\rc.read.1.tlog
E:\毕设\biyesheji\server\Debug\rc.write.1.tlog
E:\毕设\BIYESHEJI\SERVER\DEBUG\REGISTERKEY.OBJ
E:\毕设\BIYESHEJI\SERVER\DEBUG\SERVER.EXE.EMBED.MANIFEST
E:\毕设\BIYESHEJI\SERVER\DEBUG\SERVER.EXE.EMBED.MANIFEST.RES
E:\毕设\BIYESHEJI\SERVER\DEBUG\SERVER.EXE.INTERMEDIATE.MANIFEST
E:\毕设\BIYESHEJI\SERVER\DEBUG\SERVER.OBJ
E:\毕设\BIYESHEJI\SERVER\DEBUG\SERVER.PCH
E:\毕设\BIYESHEJI\SERVER\DEBUG\SERVER.RES
E:\毕设\biyesheji\server\Debug\server_manifest.rc
E:\毕设\BIYESHEJI\SERVER\DEBUG\SERVERDLG.OBJ
E:\毕设\BIYESHEJI\SERVER\DEBUG\SERVICE.OBJ
E:\毕设\BIYESHEJI\SERVER\DEBUG\STDAFX.OBJ
E:\毕设\BIYESHEJI\SERVER\DEBUG\SYSTEMINFO.OBJ
E:\毕设\BIYESHEJI\SERVER\DEBUG\SYSTEMUTILITY.OBJ
E:\毕设\BIYESHEJI\SERVER\DEBUG\VALIDFUNCTION.OBJ
E:\毕设\biyesheji\server\Debug\vc100.idb
E:\毕设\BIYESHEJI\SERVER\DEBUG\VC100.PDB
